[2025-07-25 19:26:03] ERROR: Error al ingresar numero valido: For input string: "io[p"
[2025-07-25 19:26:03] ERROR: Error al ingresar numero valido: For input string: "ik"
[2025-07-25 19:26:03] ERROR: Error al ingresar numero valido: For input string: "[p0ik"
[2025-07-25 19:26:03] ERROR: Error al ingresar numero valido: For input string: "[poi"
[2025-07-25 19:26:04] ERROR: Error al ingresar numero valido: For input string: "][pi"
[2025-07-25 19:26:04] ERROR: Error al ingresar numero valido: For input string: "p[io"
[2025-07-25 19:26:04] ERROR: Error al ingresar numero valido: For input string: "]i"
[2025-07-25 19:26:04] ERROR: Error al ingresar numero valido: For input string: "piopio"
[2025-07-25 19:26:05] ERROR: Error al ingresar numero valido: For input string: "p[i"
[2025-07-25 19:26:05] ERROR: Error al ingresar numero valido: For input string: "pi"
[2025-07-25 19:26:05] ERROR: Error al ingresar numero valido: For input string: "p[oi[poi"
[2025-07-25 19:26:05] ERROR: Error al ingresar numero valido: For input string: "p[io"
[2025-07-25 19:26:06] ERROR: Error al ingresar numero valido: For input string: "[pi"
[2025-07-25 19:26:06] ERROR: Error al ingresar numero valido: For input string: "[pi"
[2025-07-25 19:26:06] ERROR: Error al ingresar numero valido: For input string: "[poi"
[2025-07-25 19:26:06] ERROR: Error al ingresar numero valido: For input string: "[pi"
[2025-07-25 19:26:06] ERROR: Error al ingresar numero valido: For input string: "[pi"
[2025-07-25 19:26:07] ERROR: Error al ingresar numero valido: For input string: "[pikop[ik"
[2025-07-25 19:26:07] ERROR: Error al ingresar numero valido: For input string: "'[po"
[2025-07-25 19:26:07] ERROR: Error al ingresar numero valido: For input string: "k"
[2025-07-25 19:26:07] ERROR: Error al ingresar numero valido: For input string: "'[ik"
[2025-07-25 19:26:07] ERROR: Error al ingresar numero valido: For input string: "[pkl"
[2025-07-25 19:26:08] ERROR: Error al ingresar numero valido: For input string: "[pok"
[2025-07-25 19:26:08] ERROR: Error al ingresar numero valido: For input string: "[pk"
[2025-07-25 19:26:08] ERROR: Error al ingresar numero valido: For input string: "[0pk"
[2025-07-25 19:26:08] ERROR: Error al ingresar numero valido: For input string: "[pk"
[2025-07-25 19:26:08] ERROR: Error al ingresar numero valido: For input string: "[pk[p"
[2025-07-25 19:26:09] ERROR: Error al ingresar numero valido: For input string: "k["
[2025-07-25 19:26:09] ERROR: Error al ingresar numero valido: For input string: "pk"
[2025-07-25 19:26:09] ERROR: Error al ingresar numero valido: For input string: "[pkl["
[2025-07-25 19:26:09] ERROR: Error al ingresar numero valido: For input string: "pk"
[2025-07-25 19:26:09] ERROR: Error al ingresar numero valido: For input string: "[pk["
[2025-07-25 19:26:09] ERROR: Error al ingresar numero valido: For input string: "pk["
[2025-07-25 19:26:10] ERROR: Error al ingresar numero valido: For input string: "pkl[p"
[2025-07-25 19:26:10] ERROR: Error al ingresar numero valido: For input string: "k["
[2025-07-25 19:26:11] ERROR: Error al ingresar numero valido: For input string: "piopui098709i"
[2025-07-25 22:13:21] ERROR: Error al guardar datos: No hay participantes con tiempos válidos para guardar
[2025-07-25 22:13:21] ERROR: Error al guardar archivo: No hay participantes con tiempos válidos para guardar
[2025-07-25 22:20:03] ERROR: Error al guardar datos: No hay participantes con tiempos válidos para guardar
[2025-07-25 22:20:03] ERROR: Error al guardar archivo: No hay participantes con tiempos válidos para guardar
[2025-07-25 22:26:16] ERROR: Error al guardar datos: No hay participantes con tiempos válidos para guardar
[2025-07-25 22:26:16] ERROR: Error al guardar archivo: No hay participantes con tiempos válidos para guardar
[2025-07-25 22:33:04] ERROR: Error escribiendo participante: Posición no calculada para participante 22
[2025-07-26 09:07:24] ERROR: Error al ingresar numero valido: For input string: "we"
[2025-07-26 09:07:24] ERROR: Error al ingresar numero valido: For input string: "r"
[2025-07-26 09:07:24] ERROR: Error al ingresar numero valido: For input string: "wer"
